*** FATAL ERROR: Unexpected error Bad address (errno=14) when registering the segment
NOTICE: We recommend linking the debug version of GASNet to assist you in resolving this application issue.
*** FATAL ERROR: Unexpected error Bad address (errno=14) when registering the segment
NOTICE: We recommend linking the debug version of GASNet to assist you in resolving this application issue.
[6] Invoking GDB for backtrace...
[33] Invoking GDB for backtrace...
*** FATAL ERROR: *** FATAL ERROR: Unexpected error Bad address (errno=14) when registering the segment
NOTICE: We recommend linking the debug version of GASNet to assist you in resolving this application issue.
*** FATAL ERROR: [37] Invoking GDB for backtrace...
Unexpected error Bad address (errno=14) when registering the segment
*** FATAL ERROR: Unexpected error Bad address (errno=14) when registering the segment
NOTICE: We recommend linking the debug version of GASNet to assist you in resolving this application issue.
*** FATAL ERROR: NOTICE: We recommend linking the debug version of GASNet to assist you in resolving this application issue.
[17] Invoking GDB for backtrace...
[22] Invoking GDB for backtrace...
Unexpected error Bad address (errno=14) when registering the segment*** FATAL ERROR: Unexpected error Bad address (errno=14) when registering the segment
NOTICE: We recommend linking the debug version of GASNet to assist you in resolving this application issue.
[27] Invoking GDB for backtrace...

NOTICE: We recommend linking the debug version of GASNet to assist you in resolving this application issue.
*** FATAL ERROR: Unexpected error Bad address (errno=14) when registering the segment
*** FATAL ERROR: Unexpected error Bad address (errno=14) when registering the segment
NOTICE: We recommend linking the debug version of GASNet to assist you in resolving this application issue.
NOTICE: We recommend linking the debug version of GASNet to assist you in resolving this application issue.
[2] Invoking GDB for backtrace...
[39] Invoking GDB for backtrace...
*** FATAL ERROR: Unexpected error Bad address (errno=14) when registering the segment
NOTICE: We recommend linking the debug version of GASNet to assist you in resolving this application issue.
[34] Invoking GDB for backtrace...
*** FATAL ERROR: Unexpected error Bad address (errno=14) when registering the segment
NOTICE: We recommend linking the debug version of GASNet to assist you in resolving this application issue.
*** FATAL ERROR: Unexpected error Bad address (errno=14) when registering the segment
NOTICE: We recommend linking the debug version of GASNet to assist you in resolving this application issue.
*** FATAL ERROR: Unexpected error Bad address (errno=14) when registering the segment
NOTICE: We recommend linking the debug version of GASNet to assist you in resolving this application issue.
*** FATAL ERROR: Unexpected error Bad address (errno=14) when registering the segment
*** FATAL ERROR: NOTICE: We recommend linking the debug version of GASNet to assist you in resolving this application issue.
*** FATAL ERROR: Unexpected error Bad address (errno=14) when registering the segment
NOTICE: We recommend linking the debug version of GASNet to assist you in resolving this application issue.
*** FATAL ERROR: Unexpected error Bad address (errno=14) when registering the segment
NOTICE: We recommend linking the debug version of GASNet to assist you in resolving this application issue.
*** FATAL ERROR: Unexpected error Bad address (errno=14) when registering the segment
NOTICE: We recommend linking the debug version of GASNet to assist you in resolving this application issue.
*** FATAL ERROR: Unexpected error Bad address (errno=14) when registering the segment
NOTICE: We recommend linking the debug version of GASNet to assist you in resolving this application issue.
*** FATAL ERROR: Unexpected error Bad address (errno=14) when registering the segment
*** FATAL ERROR: NOTICE: We recommend linking the debug version of GASNet to assist you in resolving this application issue.
*** FATAL ERROR: Unexpected error Bad address (errno=14) when registering the segment
*** FATAL ERROR: Unexpected error Bad address (errno=14) when registering the segment
Unexpected error Bad address (errno=14) when registering the segment
NOTICE: We recommend linking the debug version of GASNet to assist you in resolving this application issue.
*** FATAL ERROR: Unexpected error Bad address (errno=14) when registering the segment
NOTICE: We recommend linking the debug version of GASNet to assist you in resolving this application issue.
NOTICE: We recommend linking the debug version of GASNet to assist you in resolving this application issue.
*** FATAL ERROR: Unexpected error Bad address (errno=14) when registering the segment
NOTICE: We recommend linking the debug version of GASNet to assist you in resolving this application issue.
NOTICE: We recommend linking the debug version of GASNet to assist you in resolving this application issue.
*** FATAL ERROR: Unexpected error Bad address (errno=14) when registering the segment
NOTICE: We recommend linking the debug version of GASNet to assist you in resolving this application issue.
*** FATAL ERROR: Unexpected error Bad address (errno=14) when registering the segment
NOTICE: We recommend linking the debug version of GASNet to assist you in resolving this application issue.
Unexpected error Bad address (errno=14) when registering the segment
NOTICE: We recommend linking the debug version of GASNet to assist you in resolving this application issue.
*** FATAL ERROR: Unexpected error Bad address (errno=14) when registering the segment
NOTICE: We recommend linking the debug version of GASNet to assist you in resolving this application issue.
*** FATAL ERROR: Unexpected error Bad address (errno=14) when registering the segment
Unexpected error Bad address (errno=14) when registering the segment
NOTICE: We recommend linking the debug version of GASNet to assist you in resolving this application issue.
NOTICE: We recommend linking the debug version of GASNet to assist you in resolving this application issue.
*** FATAL ERROR: Unexpected error Bad address (errno=14) when registering the segment
NOTICE: We recommend linking the debug version of GASNet to assist you in resolving this application issue.
*** FATAL ERROR: Unexpected error Bad address (errno=14) when registering the segment
NOTICE: We recommend linking the debug version of GASNet to assist you in resolving this application issue.
*** FATAL ERROR: Unexpected error Bad address (errno=14) when registering the segment
NOTICE: We recommend linking the debug version of GASNet to assist you in resolving this application issue.
*** FATAL ERROR: Unexpected error Bad address (errno=14) when registering the segment
NOTICE: We recommend linking the debug version of GASNet to assist you in resolving this application issue.
*** FATAL ERROR: Unexpected error Bad address (errno=14) when registering the segment
NOTICE: We recommend linking the debug version of GASNet to assist you in resolving this application issue.
*** FATAL ERROR: *** FATAL ERROR: Unexpected error Bad address (errno=14) when registering the segment
NOTICE: We recommend linking the debug version of GASNet to assist you in resolving this application issue.
*** FATAL ERROR: Unexpected error Bad address (errno=14) when registering the segment
NOTICE: We recommend linking the debug version of GASNet to assist you in resolving this application issue.
Unexpected error Bad address (errno=14) when registering the segment*** FATAL ERROR: Unexpected error Bad address (errno=14) when registering the segment
NOTICE: We recommend linking the debug version of GASNet to assist you in resolving this application issue.
*** FATAL ERROR: Unexpected error Bad address (errno=14) when registering the segment
NOTICE: We recommend linking the debug version of GASNet to assist you in resolving this application issue.
*** FATAL ERROR: Unexpected error Bad address (errno=14) when registering the segment
NOTICE: We recommend linking the debug version of GASNet to assist you in resolving this application issue.

*** FATAL ERROR: Unexpected error Bad address (errno=14) when registering the segment
NOTICE: We recommend linking the debug version of GASNet to assist you in resolving this application issue.
*** FATAL ERROR: Unexpected error Bad address (errno=14) when registering the segment
NOTICE: We recommend linking the debug version of GASNet to assist you in resolving this application issue.
*** FATAL ERROR: Unexpected error Bad address (errno=14) when registering the segment
NOTICE: We recommend linking the debug version of GASNet to assist you in resolving this application issue.
NOTICE: We recommend linking the debug version of GASNet to assist you in resolving this application issue.
*** FATAL ERROR: Unexpected error Bad address (errno=14) when registering the segment
NOTICE: We recommend linking the debug version of GASNet to assist you in resolving this application issue.
*** FATAL ERROR: Unexpected error Bad address (errno=14) when registering the segment
*** FATAL ERROR: Unexpected error Bad address (errno=14) when registering the segment
NOTICE: We recommend linking the debug version of GASNet to assist you in resolving this application issue.
*** FATAL ERROR: Unexpected error Bad address (errno=14) when registering the segment
NOTICE: We recommend linking the debug version of GASNet to assist you in resolving this application issue.
NOTICE: We recommend linking the debug version of GASNet to assist you in resolving this application issue.
*** FATAL ERROR: Unexpected error Bad address (errno=14) when registering the segment
*** FATAL ERROR: Unexpected error Bad address (errno=14) when registering the segment
NOTICE: We recommend linking the debug version of GASNet to assist you in resolving this application issue.
NOTICE: We recommend linking the debug version of GASNet to assist you in resolving this application issue.
*** FATAL ERROR: Unexpected error Bad address (errno=14) when registering the segment
NOTICE: We recommend linking the debug version of GASNet to assist you in resolving this application issue.
*** FATAL ERROR: Unexpected error Bad address (errno=14) when registering the segment
NOTICE: We recommend linking the debug version of GASNet to assist you in resolving this application issue.
*** FATAL ERROR: Unexpected error Bad address (errno=14) when registering the segment
NOTICE: We recommend linking the debug version of GASNet to assist you in resolving this application issue.
*** FATAL ERROR: Unexpected error Bad address (errno=14) when registering the segment
NOTICE: We recommend linking the debug version of GASNet to assist you in resolving this application issue.
*** FATAL ERROR: Unexpected error Bad address (errno=14) when registering the segment
NOTICE: We recommend linking the debug version of GASNet to assist you in resolving this application issue.
*** FATAL ERROR: Unexpected error Bad address (errno=14) when registering the segment
NOTICE: We recommend linking the debug version of GASNet to assist you in resolving this application issue.
*** FATAL ERROR: Unexpected error Bad address (errno=14) when registering the segment
NOTICE: We recommend linking the debug version of GASNet to assist you in resolving this application issue.
*** FATAL ERROR: Unexpected error Bad address (errno=14) when registering the segment
NOTICE: We recommend linking the debug version of GASNet to assist you in resolving this application issue.
*** FATAL ERROR: Unexpected error Bad address (errno=14) when registering the segment
NOTICE: We recommend linking the debug version of GASNet to assist you in resolving this application issue.
*** FATAL ERROR: Unexpected error Bad address (errno=14) when registering the segment
NOTICE: We recommend linking the debug version of GASNet to assist you in resolving this application issue.
*** FATAL ERROR: Unexpected error Bad address (errno=14) when registering the segment
*** FATAL ERROR: Unexpected error Bad address (errno=14) when registering the segment
NOTICE: We recommend linking the debug version of GASNet to assist you in resolving this application issue.
NOTICE: We recommend linking the debug version of GASNet to assist you in resolving this application issue.
*** FATAL ERROR: Unexpected error Bad address (errno=14) when registering the segment
NOTICE: We recommend linking the debug version of GASNet to assist you in resolving this application issue.
*** FATAL ERROR: Unexpected error Bad address (errno=14) when registering the segment
NOTICE: We recommend linking the debug version of GASNet to assist you in resolving this application issue.
[49] Invoking GDB for backtrace...
[57] Invoking GDB for backtrace...
[16] Invoking GDB for backtrace...
[40] Invoking GDB for backtrace...
[31] Invoking GDB for backtrace...
[4] Invoking GDB for backtrace...
[61] Invoking GDB for backtrace...
[10] Invoking GDB for backtrace...
[1] Invoking GDB for backtrace...
[63] Invoking GDB for backtrace...
[46] Invoking GDB for backtrace...
[28] Invoking GDB for backtrace...
[59] Invoking GDB for backtrace...
[51] Invoking GDB for backtrace...
[19] Invoking GDB for backtrace...
[44] Invoking GDB for backtrace...
[60] Invoking GDB for backtrace...
[29] Invoking GDB for backtrace...
[3] Invoking GDB for backtrace...
[14] Invoking GDB for backtrace...
[30] Invoking GDB for backtrace...
[47] Invoking GDB for backtrace...
[7] Invoking GDB for backtrace...
[26] Invoking GDB for backtrace...
[24] Invoking GDB for backtrace...
[23] Invoking GDB for backtrace...
[62] Invoking GDB for backtrace...
[43] Invoking GDB for backtrace...
[45] Invoking GDB for backtrace...
[36] Invoking GDB for backtrace...
[18] Invoking GDB for backtrace...
[25] Invoking GDB for backtrace...
[20] Invoking GDB for backtrace...
[53] Invoking GDB for backtrace...
[58] Invoking GDB for backtrace...
[5] Invoking GDB for backtrace...
[48] Invoking GDB for backtrace...
[54] Invoking GDB for backtrace...
[52] Invoking GDB for backtrace...
[9] Invoking GDB for backtrace...
[21] Invoking GDB for backtrace...
[0] Invoking GDB for backtrace...
[13] Invoking GDB for backtrace...
[50] Invoking GDB for backtrace...
[55] Invoking GDB for backtrace...
[56] Invoking GDB for backtrace...
[15] Invoking GDB for backtrace...
[42] Invoking GDB for backtrace...
[8] Invoking GDB for backtrace...
[11] Invoking GDB for backtrace...
[12] Invoking GDB for backtrace...
[32] Invoking GDB for backtrace...
[41] Invoking GDB for backtrace...
[35] Invoking GDB for backtrace...
[38] Invoking GDB for backtrace...
[50] /usr/bin/gdb -nx -batch -x /tmp/gasnet_HqEw0f '/home/jgraham/github/flecsale/build-mpich_3.3-gcc_8.3.0/apps/hydro/2d/hydro_2d' 20742
[50] [Thread debugging using libthread_db enabled]
[50] Using host libthread_db library "/lib/x86_64-linux-gnu/libthread_db.so.1".
[50] 0x00007fc10330995c in __libc_waitpid (pid=20840, stat_loc=stat_loc@entry=0x7ffc8c73f490, options=options@entry=0) at ../sysdeps/unix/sysv/linux/waitpid.c:31
[50] To enable execution of this file add
[50] 	add-auto-load-safe-path /scratch2/jgraham/github/spack/opt/spack/linux-ubuntu14.04-nehalem/gcc-8.4.0/gcc-8.3.0-gy333zc2j5uclb4gyeygcx2uluwl435u/lib64/libstdc++.so.6.0.25-gdb.py
[50] line to your configuration file "/home/jgraham/.gdbinit".
[50] To completely disable this security protection add
[50] 	set auto-load safe-path /
[50] line to your configuration file "/home/jgraham/.gdbinit".
[50] For more information about this security protection see the
[50] "Auto-loading safe path" section in the GDB manual.  E.g., run from the shell:
[50] 	info "(gdb)Auto-loading safe path"
[50]   Id   Target Id         Frame 
[50] * 1    Thread 0x7fc108174940 (LWP 20742) "hydro_2d" 0x00007fc10330995c in __libc_waitpid (pid=20840, stat_loc=stat_loc@entry=0x7ffc8c73f490, options=options@entry=0) at ../sysdeps/unix/sysv/linux/waitpid.c:31
[50] 
[50] Thread 1 (Thread 0x7fc108174940 (LWP 20742)):
[50] #0  0x00007fc10330995c in __libc_waitpid (pid=20840, stat_loc=stat_loc@entry=0x7ffc8c73f490, options=options@entry=0) at ../sysdeps/unix/sysv/linux/waitpid.c:31
[50] #1  0x00007fc10328b232 in do_system (line=<optimized out>) at ../sysdeps/posix/system.c:148
[50] #2  0x00007fc1064c10d0 in gasneti_bt_gdb () from /home/jgraham/opt/mpich_3.3-gcc_8.3.0/lib/librealm.so.1
[50] #3  0x00007fc1064c5b85 in gasneti_print_backtrace () from /home/jgraham/opt/mpich_3.3-gcc_8.3.0/lib/librealm.so.1
[50] #4  0x00007fc1064c48ed in gasneti_fatalerror () from /home/jgraham/opt/mpich_3.3-gcc_8.3.0/lib/librealm.so.1
[50] #5  0x00007fc1064a5afe in gasnetc_attach () from /home/jgraham/opt/mpich_3.3-gcc_8.3.0/lib/librealm.so.1
[50] #6  0x00007fc106096488 in init_endpoints(unsigned long, unsigned long, unsigned long, Realm::CoreReservationSet&, int, Realm::BackgroundWorkManager&, bool, Realm::IncomingMessageManager*) () at /home/jgraham/github/flecsi-third-party/legion/runtime/realm/gasnet1/gasnetmsg.cc:2623
[50] #7  0x00007fc1060900db in Realm::GASNet1Module::attach(Realm::RuntimeImpl*, std::vector<Realm::NetworkSegment*, std::allocator<Realm::NetworkSegment*> >&) () at /home/jgraham/github/flecsi-third-party/legion/runtime/realm/gasnet1/gasnet1_module.cc:611
[50] #8  0x00007fc10605ff87 in Realm::RuntimeImpl::configure_from_command_line(std::vector<std::__cxx11::basic_string<char, std::char_traits<char>, std::allocator<char> >, std::allocator<std::__cxx11::basic_string<char, std::char_traits<char>, std::allocator<char> > > >&) () at /home/jgraham/github/flecsi-third-party/legion/runtime/realm/runtime_impl.cc:1293
[50] #9  0x00007fc1060632b4 in Realm::Runtime::configure_from_command_line(std::vector<std::__cxx11::basic_string<char, std::char_traits<char>, std::allocator<char> >, std::allocator<std::__cxx11::basic_string<char, std::char_traits<char>, std::allocator<char> > > >&, bool) () at /home/jgraham/github/flecsi-third-party/legion/runtime/realm/runtime_impl.cc:352
[50] #10 0x00007fc1070b3740 in Legion::Internal::Runtime::initialize(int*, char***, bool) () at /home/jgraham/github/flecsi-third-party/legion/runtime/legion/runtime.cc:25618
[50] #11 0x00007fc1070ea065 in Legion::Internal::Runtime::start (argc=<optimized out>, argc@entry=11, argv=<optimized out>, argv@entry=0x17b15f0, background=background@entry=true, supply_default_mapper=supply_default_mapper@entry=true) at /home/jgraham/github/flecsi-third-party/legion/runtime/legion/runtime.cc:25526
[50] #12 0x00007fc106ebef1b in Legion::Runtime::start (argc=argc@entry=11, argv=argv@entry=0x17b15f0, background=background@entry=true, default_mapper=default_mapper@entry=true) at /home/jgraham/github/flecsi-third-party/legion/runtime/legion/legion.cc:6519
[50] #13 0x00007fc107962d11 in flecsi::execution::legion_context_policy_t::initialize(int, char**) () at /home/jgraham/github/flecsale/flecsi/flecsi/execution/legion/context_policy.cc:123
[50] #14 0x000000000045ce1d in main () at /home/jgraham/github/flecsale/flecsi/flecsi/execution/legion/runtime_main.cc:143
[50] #15 0x00007fc103266f45 in __libc_start_main (main=0x45c330 <main>, argc=11, argv=0x7ffc8c744478, init=<optimized out>, fini=<optimized out>, rtld_fini=<optimized out>, stack_end=0x7ffc8c744468) at libc-start.c:287
[50] #16 0x000000000045d6cf in _start () at /home/jgraham/github/flecsale/flecsi/flecsi/execution/legion/runtime_main.cc:155
*** Caught a fatal signal: SIGABRT(6) on node 50/64
[13] /usr/bin/gdb -nx -batch -x /tmp/gasnet_mapb0f '/home/jgraham/github/flecsale/build-mpich_3.3-gcc_8.3.0/apps/hydro/2d/hydro_2d' 20705
[13] [Thread debugging using libthread_db enabled]
[13] Using host libthread_db library "/lib/x86_64-linux-gnu/libthread_db.so.1".
[13] 0x00007f8189dbd95c in __libc_waitpid (pid=20841, stat_loc=stat_loc@entry=0x7ffc332435e0, options=options@entry=0) at ../sysdeps/unix/sysv/linux/waitpid.c:31
[13] To enable execution of this file add
[13] 	add-auto-load-safe-path /scratch2/jgraham/github/spack/opt/spack/linux-ubuntu14.04-nehalem/gcc-8.4.0/gcc-8.3.0-gy333zc2j5uclb4gyeygcx2uluwl435u/lib64/libstdc++.so.6.0.25-gdb.py
[13] line to your configuration file "/home/jgraham/.gdbinit".
[13] To completely disable this security protection add
[13] 	set auto-load safe-path /
[13] line to your configuration file "/home/jgraham/.gdbinit".
[13] For more information about this security protection see the
[13] "Auto-loading safe path" section in the GDB manual.  E.g., run from the shell:
[13] 	info "(gdb)Auto-loading safe path"
[13]   Id   Target Id         Frame 
[13] * 1    Thread 0x7f818ec28940 (LWP 20705) "hydro_2d" 0x00007f8189dbd95c in __libc_waitpid (pid=20841, stat_loc=stat_loc@entry=0x7ffc332435e0, options=options@entry=0) at ../sysdeps/unix/sysv/linux/waitpid.c:31
[13] 
[13] Thread 1 (Thread 0x7f818ec28940 (LWP 20705)):
[13] #0  0x00007f8189dbd95c in __libc_waitpid (pid=20841, stat_loc=stat_loc@entry=0x7ffc332435e0, options=options@entry=0) at ../sysdeps/unix/sysv/linux/waitpid.c:31
[13] #1  0x00007f8189d3f232 in do_system (line=<optimized out>) at ../sysdeps/posix/system.c:148
[13] #2  0x00007f818cf750d0 in gasneti_bt_gdb () from /home/jgraham/opt/mpich_3.3-gcc_8.3.0/lib/librealm.so.1
[13] #3  0x00007f818cf79b85 in gasneti_print_backtrace () from /home/jgraham/opt/mpich_3.3-gcc_8.3.0/lib/librealm.so.1
[13] #4  0x00007f818cf788ed in gasneti_fatalerror () from /home/jgraham/opt/mpich_3.3-gcc_8.3.0/lib/librealm.so.1
[13] #5  0x00007f818cf59afe in gasnetc_attach () from /home/jgraham/opt/mpich_3.3-gcc_8.3.0/lib/librealm.so.1
[13] #6  0x00007f818cb4a488 in init_endpoints(unsigned long, unsigned long, unsigned long, Realm::CoreReservationSet&, int, Realm::BackgroundWorkManager&, bool, Realm::IncomingMessageManager*) () at /home/jgraham/github/flecsi-third-party/legion/runtime/realm/gasnet1/gasnetmsg.cc:2623
[13] #7  0x00007f818cb440db in Realm::GASNet1Module::attach(Realm::RuntimeImpl*, std::vector<Realm::NetworkSegment*, std::allocator<Realm::NetworkSegment*> >&) () at /home/jgraham/github/flecsi-third-party/legion/runtime/realm/gasnet1/gasnet1_module.cc:611
[13] #8  0x00007f818cb13f87 in Realm::RuntimeImpl::configure_from_command_line(std::vector<std::__cxx11::basic_string<char, std::char_traits<char>, std::allocator<char> >, std::allocator<std::__cxx11::basic_string<char, std::char_traits<char>, std::allocator<char> > > >&) () at /home/jgraham/github/flecsi-third-party/legion/runtime/realm/runtime_impl.cc:1293
[13] #9  0x00007f818cb172b4 in Realm::Runtime::configure_from_command_line(std::vector<std::__cxx11::basic_string<char, std::char_traits<char>, std::allocator<char> >, std::allocator<std::__cxx11::basic_string<char, std::char_traits<char>, std::allocator<char> > > >&, bool) () at /home/jgraham/github/flecsi-third-party/legion/runtime/realm/runtime_impl.cc:352
[13] #10 0x00007f818db67740 in Legion::Internal::Runtime::initialize(int*, char***, bool) () at /home/jgraham/github/flecsi-third-party/legion/runtime/legion/runtime.cc:25618
[13] #11 0x00007f818db9e065 in Legion::Internal::Runtime::start (argc=<optimized out>, argc@entry=11, argv=<optimized out>, argv@entry=0x13355f0, background=background@entry=true, supply_default_mapper=supply_default_mapper@entry=true) at /home/jgraham/github/flecsi-third-party/legion/runtime/legion/runtime.cc:25526
[13] #12 0x00007f818d972f1b in Legion::Runtime::start (argc=argc@entry=11, argv=argv@entry=0x13355f0, background=background@entry=true, default_mapper=default_mapper@entry=true) at /home/jgraham/github/flecsi-third-party/legion/runtime/legion/legion.cc:6519
[13] #13 0x00007f818e416d11 in flecsi::execution::legion_context_policy_t::initialize(int, char**) () at /home/jgraham/github/flecsale/flecsi/flecsi/execution/legion/context_policy.cc:123
[13] #14 0x000000000045ce1d in main () at /home/jgraham/github/flecsale/flecsi/flecsi/execution/legion/runtime_main.cc:143
[13] #15 0x00007f8189d1af45 in __libc_start_main (main=0x45c330 <main>, argc=11, argv=0x7ffc332485c8, init=<optimized out>, fini=<optimized out>, rtld_fini=<optimized out>, stack_end=0x7ffc332485b8) at libc-start.c:287
[13] #16 0x000000000045d6cf in _start () at /home/jgraham/github/flecsale/flecsi/flecsi/execution/legion/runtime_main.cc:155

===================================================================================
=   BAD TERMINATION OF ONE OF YOUR APPLICATION PROCESSES
=   PID 20742 RUNNING AT n0003
=   EXIT CODE: 6
=   CLEANING UP REMAINING PROCESSES
=   YOU CAN IGNORE THE BELOW CLEANUP MESSAGES
===================================================================================
YOUR APPLICATION TERMINATED WITH THE EXIT STRING: Aborted (signal 6)
This typically refers to a problem with your application.
Please see the FAQ page for debugging suggestions
