MPI Rank 0 maps to Legion Address Space 0
MPI Rank 1 maps to Legion Address Space 1
MPI Rank 2 maps to Legion Address Space 2
MPI Rank 3 maps to Legion Address Space 3
MPI Rank 4 maps to Legion Address Space 4
MPI Rank 5 maps to Legion Address Space 5
MPI Rank 6 maps to Legion Address Space 6
MPI Rank 7 maps to Legion Address Space 7
MPI Rank 8 maps to Legion Address Space 8
MPI Rank 9 maps to Legion Address Space 9
MPI Rank 10 maps to Legion Address Space 10
MPI Rank 11 maps to Legion Address Space 11
MPI Rank 0 maps to Legion Address Space 0
MPI Rank 1 maps to Legion Address Space 1
MPI Rank 2 maps to Legion Address Space 2
MPI Rank 3 maps to Legion Address Space 3
MPI Rank 4 maps to Legion Address Space 4
MPI Rank 5 maps to Legion Address Space 5
MPI Rank 6 maps to Legion Address Space 6
MPI Rank 7 maps to Legion Address Space 7
MPI Rank 8 maps to Legion Address Space 8
MPI Rank 9 maps to Legion Address Space 9
MPI Rank 10 maps to Legion Address Space 10
MPI Rank 11 maps to Legion Address Space 11
MPI Rank 0 maps to Legion Address Space 0
MPI Rank 1 maps to Legion Address Space 1
MPI Rank 2 maps to Legion Address Space 2
MPI Rank 3 maps to Legion Address Space 3
MPI Rank 4 maps to Legion Address Space 4
MPI Rank 5 maps to Legion Address Space 5
MPI Rank 6 maps to Legion Address Space 6
MPI Rank 7 maps to Legion Address Space 7
MPI Rank 8 maps to Legion Address Space 8
MPI Rank 9 maps to Legion Address Space 9
MPI Rank 10 maps to Legion Address Space 10
MPI Rank 11 maps to Legion Address Space 11
MPI Rank 0 maps to Legion Address Space 0
MPI Rank 1 maps to Legion Address Space 1
MPI Rank 2 maps to Legion Address Space 2
MPI Rank 3 maps to Legion Address Space 3
MPI Rank 4 maps to Legion Address Space 4
MPI Rank 5 maps to Legion Address Space 5
MPI Rank 6 maps to Legion Address Space 6
MPI Rank 7 maps to Legion Address Space 7
MPI Rank 8 maps to Legion Address Space 8
MPI Rank 9 maps to Legion Address Space 9
MPI Rank 10 maps to Legion Address Space 10
MPI Rank 11 maps to Legion Address Space 11
MPI Rank 0 maps to Legion Address Space 0
MPI Rank 1 maps to Legion Address Space 1
MPI Rank 2 maps to Legion Address Space 2
MPI Rank 3 maps to Legion Address Space 3
MPI Rank 4 maps to Legion Address Space 4
MPI Rank 5 maps to Legion Address Space 5
MPI Rank 6 maps to Legion Address Space 6
MPI Rank 7 maps to Legion Address Space 7
MPI Rank 8 maps to Legion Address Space 8
MPI Rank 9 maps to Legion Address Space 9
MPI Rank 10 maps to Legion Address Space 10
MPI Rank 11 maps to Legion Address Space 11
MPI Rank 0 maps to Legion Address Space 0
MPI Rank 1 maps to Legion Address Space 1
MPI Rank 2 maps to Legion Address Space 2
MPI Rank 3 maps to Legion Address Space 3
MPI Rank 4 maps to Legion Address Space 4
MPI Rank 5 maps to Legion Address Space 5
MPI Rank 6 maps to Legion Address Space 6
MPI Rank 7 maps to Legion Address Space 7
MPI Rank 8 maps to Legion Address Space 8
MPI Rank 9 maps to Legion Address Space 9
MPI Rank 10 maps to Legion Address Space 10
MPI Rank 11 maps to Legion Address Space 11
MPI Rank 0 maps to Legion Address Space 0
MPI Rank 1 maps to Legion Address Space 1
MPI Rank 2 maps to Legion Address Space 2
MPI Rank 3 maps to Legion Address Space 3
MPI Rank 4 maps to Legion Address Space 4
MPI Rank 5 maps to Legion Address Space 5
MPI Rank 6 maps to Legion Address Space 6
MPI Rank 7 maps to Legion Address Space 7
MPI Rank 8 maps to Legion Address Space 8
MPI Rank 9 maps to Legion Address Space 9
MPI Rank 10 maps to Legion Address Space 10
MPI Rank 11 maps to Legion Address Space 11
MPI Rank 0 maps to Legion Address Space 0
MPI Rank 1 maps to Legion Address Space 1
MPI Rank 2 maps to Legion Address Space 2
MPI Rank 3 maps to Legion Address Space 3
MPI Rank 4 maps to Legion Address Space 4
MPI Rank 5 maps to Legion Address Space 5
MPI Rank 6 maps to Legion Address Space 6
MPI Rank 7 maps to Legion Address Space 7
MPI Rank 8 maps to Legion Address Space 8
MPI Rank 9 maps to Legion Address Space 9
MPI Rank 10 maps to Legion Address Space 10
MPI Rank 11 maps to Legion Address Space 11
MPI Rank 0 maps to Legion Address Space 0
MPI Rank 1 maps to Legion Address Space 1
MPI Rank 2 maps to Legion Address Space 2
MPI Rank 3 maps to Legion Address Space 3
MPI Rank 4 maps to Legion Address Space 4
MPI Rank 5 maps to Legion Address Space 5
MPI Rank 6 maps to Legion Address Space 6
MPI Rank 7 maps to Legion Address Space 7
MPI Rank 8 maps to Legion Address Space 8
MPI Rank 9 maps to Legion Address Space 9
MPI Rank 10 maps to Legion Address Space 10
MPI Rank 11 maps to Legion Address Space 11
MPI Rank 0 maps to Legion Address Space 0
MPI Rank 1 maps to Legion Address Space 1
MPI Rank 2 maps to Legion Address Space 2
MPI Rank 3 maps to Legion Address Space 3
MPI Rank 4 maps to Legion Address Space 4
MPI Rank 5 maps to Legion Address Space 5
MPI Rank 6 maps to Legion Address Space 6
MPI Rank 7 maps to Legion Address Space 7
MPI Rank 8 maps to Legion Address Space 8
MPI Rank 9 maps to Legion Address Space 9
MPI Rank 10 maps to Legion Address Space 10
MPI Rank 11 maps to Legion Address Space 11
MPI Rank 0 maps to Legion Address Space 0
MPI Rank 1 maps to Legion Address Space 1
MPI Rank 2 maps to Legion Address Space 2
MPI Rank 3 maps to Legion Address Space 3
MPI Rank 4 maps to Legion Address Space 4
MPI Rank 5 maps to Legion Address Space 5
MPI Rank 6 maps to Legion Address Space 6
MPI Rank 7 maps to Legion Address Space 7
MPI Rank 8 maps to Legion Address Space 8
MPI Rank 9 maps to Legion Address Space 9
MPI Rank 10 maps to Legion Address Space 10
MPI Rank 11 maps to Legion Address Space 11
MPI Rank 0 maps to Legion Address Space 0
MPI Rank 1 maps to Legion Address Space 1
MPI Rank 2 maps to Legion Address Space 2
MPI Rank 3 maps to Legion Address Space 3
MPI Rank 4 maps to Legion Address Space 4
MPI Rank 5 maps to Legion Address Space 5
MPI Rank 6 maps to Legion Address Space 6
MPI Rank 7 maps to Legion Address Space 7
MPI Rank 8 maps to Legion Address Space 8
MPI Rank 9 maps to Legion Address Space 9
MPI Rank 10 maps to Legion Address Space 10
MPI Rank 11 maps to Legion Address Space 11
Using mesh file "/home/jgraham/github/instructions/meshes/26x78x130on12_2_2_3/26x78x130.g.012".
Finished mesh partitioning.
[1 - 7f9bb6974940]   11.574299 {4}{runtime}: [warning 1027] LEGION WARNING: Ignoring spurious additional target processors requested in 'map_task' for task setup_rank_context_task (ID 2173) by mapper default because task is part of a must epoch launch. (from file /home/jgraham/github/flecsi-third-party/legion/runtime/legion/legion_tasks.cc:2624)
For more information see:
http://legion.stanford.edu/messages/warning_code.html#warning_code_1027

[2 - 7f12b588c940]   11.574328 {4}{runtime}: [warning 1027] LEGION WARNING: Ignoring spurious additional target processors requested in 'map_task' for task setup_rank_context_task (ID 2162) by mapper default because task is part of a must epoch launch. (from file /home/jgraham/github/flecsi-third-party/legion/runtime/legion/legion_tasks.cc:2624)
For more information see:
http://legion.stanford.edu/messages/warning_code.html#warning_code_1027

[3 - 7f7eec4f6940]   11.574317 {4}{runtime}: [warning 1027] LEGION WARNING: Ignoring spurious additional target processors requested in 'map_task' for task setup_rank_context_task (ID 2199) by mapper default because task is part of a must epoch launch. (from file /home/jgraham/github/flecsi-third-party/legion/runtime/legion/legion_tasks.cc:2624)
For more information see:
http://legion.stanford.edu/messages/warning_code.html#warning_code_1027

[6 - 7f916d468940]   11.574298 {4}{runtime}: [warning 1027] LEGION WARNING: Ignoring spurious additional target processors requested in 'map_task' for task setup_rank_context_task (ID 2226) by mapper default because task is part of a must epoch launch. (from file /home/jgraham/github/flecsi-third-party/legion/runtime/legion/legion_tasks.cc:2624)
For more information see:
http://legion.stanford.edu/messages/warning_code.html#warning_code_1027

[9 - 7f7e2788e940]   11.574349 {4}{runtime}: [warning 1027] LEGION WARNING: Ignoring spurious additional target processors requested in 'map_task' for task setup_rank_context_task (ID 2277) by mapper default because task is part of a must epoch launch. (from file /home/jgraham/github/flecsi-third-party/legion/runtime/legion/legion_tasks.cc:2624)
For more information see:
http://legion.stanford.edu/messages/warning_code.html#warning_code_1027

[10 - 7fcf58dcd940]   11.574298 {4}{runtime}: [warning 1027] LEGION WARNING: Ignoring spurious additional target processors requested in 'map_task' for task setup_rank_context_task (ID 2290) by mapper default because task is part of a must epoch launch. (from file /home/jgraham/github/flecsi-third-party/legion/runtime/legion/legion_tasks.cc:2624)
For more information see:
http://legion.stanford.edu/messages/warning_code.html#warning_code_1027

[7 - 7ff0403c5940]   11.575685 {4}{runtime}: [warning 1027] LEGION WARNING: Ignoring spurious additional target processors requested in 'map_task' for task setup_rank_context_task (ID 2203) by mapper default because task is part of a must epoch launch. (from file /home/jgraham/github/flecsi-third-party/legion/runtime/legion/legion_tasks.cc:2624)
For more information see:
http://legion.stanford.edu/messages/warning_code.html#warning_code_1027

[5 - 7f36bca9e940]   11.582267 {4}{runtime}: [warning 1027] LEGION WARNING: Ignoring spurious additional target processors requested in 'map_task' for task setup_rank_context_task (ID 2225) by mapper default because task is part of a must epoch launch. (from file /home/jgraham/github/flecsi-third-party/legion/runtime/legion/legion_tasks.cc:2624)
For more information see:
http://legion.stanford.edu/messages/warning_code.html#warning_code_1027

[11 - 7f5328b17940]   11.582534 {4}{runtime}: [warning 1027] LEGION WARNING: Ignoring spurious additional target processors requested in 'map_task' for task setup_rank_context_task (ID 2255) by mapper default because task is part of a must epoch launch. (from file /home/jgraham/github/flecsi-third-party/legion/runtime/legion/legion_tasks.cc:2624)
For more information see:
http://legion.stanford.edu/messages/warning_code.html#warning_code_1027

[4 - 7ff708a43940]   11.584323 {4}{runtime}: [warning 1027] LEGION WARNING: Ignoring spurious additional target processors requested in 'map_task' for task setup_rank_context_task (ID 2212) by mapper default because task is part of a must epoch launch. (from file /home/jgraham/github/flecsi-third-party/legion/runtime/legion/legion_tasks.cc:2624)
For more information see:
http://legion.stanford.edu/messages/warning_code.html#warning_code_1027

[8 - 7fab8f48a940]   11.587679 {4}{runtime}: [warning 1027] LEGION WARNING: Ignoring spurious additional target processors requested in 'map_task' for task setup_rank_context_task (ID 2264) by mapper default because task is part of a must epoch launch. (from file /home/jgraham/github/flecsi-third-party/legion/runtime/legion/legion_tasks.cc:2624)
For more information see:
http://legion.stanford.edu/messages/warning_code.html#warning_code_1027

[0 - 7f9199771940]   11.587787 {4}{runtime}: [warning 1027] LEGION WARNING: Ignoring spurious additional target processors requested in 'map_task' for task setup_rank_context_task (ID 2280) by mapper default because task is part of a must epoch launch. (from file /home/jgraham/github/flecsi-third-party/legion/runtime/legion/legion_tasks.cc:2624)
For more information see:
http://legion.stanford.edu/messages/warning_code.html#warning_code_1027

Initializing mesh...done
[8 - 7fab8f48a940]   26.219363 {4}{runtime}: [warning 1071] LEGION WARNING: Region requirement 0 of operation apps::hydro::init_soln_time (UID 4916) in parent task runtime_driver (UID 8) is using uninitialized data for field(s) 25 of logical region (512,5,20) (from file /home/jgraham/github/flecsi-third-party/legion/runtime/legion/legion_ops.cc:636)
For more information see:
http://legion.stanford.edu/messages/warning_code.html#warning_code_1071

[5 - 7f36bca9e940]   26.951568 {4}{runtime}: [warning 1071] LEGION WARNING: Region requirement 0 of operation apps::hydro::init_soln_time (UID 4745) in parent task runtime_driver (UID 5) is using uninitialized data for field(s) 25 of logical region (521,5,20) (from file /home/jgraham/github/flecsi-third-party/legion/runtime/legion/legion_ops.cc:636)
For more information see:
http://legion.stanford.edu/messages/warning_code.html#warning_code_1071

[0 - 7f9199771940]   26.958181 {4}{runtime}: [warning 1071] LEGION WARNING: Region requirement 0 of operation apps::hydro::init_soln_time (UID 3456) in parent task runtime_driver (UID 36) is using uninitialized data for field(s) 25 of logical region (624,5,20) (from file /home/jgraham/github/flecsi-third-party/legion/runtime/legion/legion_ops.cc:636)
For more information see:
http://legion.stanford.edu/messages/warning_code.html#warning_code_1071

[7 - 7ff0403c5940]   26.958196 {4}{runtime}: [warning 1071] LEGION WARNING: Region requirement 0 of operation apps::hydro::init_soln_time (UID 5071) in parent task runtime_driver (UID 7) is using uninitialized data for field(s) 25 of logical region (511,5,20) (from file /home/jgraham/github/flecsi-third-party/legion/runtime/legion/legion_ops.cc:636)
For more information see:
http://legion.stanford.edu/messages/warning_code.html#warning_code_1071

[3 - 7f7eec4f6940]   26.995050 {4}{runtime}: [warning 1071] LEGION WARNING: Region requirement 0 of operation apps::hydro::init_soln_time (UID 5271) in parent task runtime_driver (UID 3) is using uninitialized data for field(s) 25 of logical region (519,5,20) (from file /home/jgraham/github/flecsi-third-party/legion/runtime/legion/legion_ops.cc:636)
For more information see:
http://legion.stanford.edu/messages/warning_code.html#warning_code_1071

[9 - 7f7e2788e940]   26.995020 {4}{runtime}: [warning 1071] LEGION WARNING: Region requirement 0 of operation apps::hydro::init_soln_time (UID 5277) in parent task runtime_driver (UID 9) is using uninitialized data for field(s) 25 of logical region (513,5,20) (from file /home/jgraham/github/flecsi-third-party/legion/runtime/legion/legion_ops.cc:636)
For more information see:
http://legion.stanford.edu/messages/warning_code.html#warning_code_1071

[10 - 7fcf58dcd940]   26.995040 {4}{runtime}: [warning 1071] LEGION WARNING: Region requirement 0 of operation apps::hydro::init_soln_time (UID 5254) in parent task runtime_driver (UID 10) is using uninitialized data for field(s) 25 of logical region (514,5,20) (from file /home/jgraham/github/flecsi-third-party/legion/runtime/legion/legion_ops.cc:636)
For more information see:
http://legion.stanford.edu/messages/warning_code.html#warning_code_1071

[11 - 7f5328b17940]   27.002749 {4}{runtime}: [warning 1071] LEGION WARNING: Region requirement 0 of operation apps::hydro::init_soln_time (UID 7439) in parent task runtime_driver (UID 11) is using uninitialized data for field(s) 25 of logical region (515,5,20) (from file /home/jgraham/github/flecsi-third-party/legion/runtime/legion/legion_ops.cc:636)
For more information see:
http://legion.stanford.edu/messages/warning_code.html#warning_code_1071

[2 - 7f12b588c940]   27.026164 {4}{runtime}: [warning 1071] LEGION WARNING: Region requirement 0 of operation apps::hydro::init_soln_time (UID 18950) in parent task runtime_driver (UID 2) is using uninitialized data for field(s) 25 of logical region (518,5,20) (from file /home/jgraham/github/flecsi-third-party/legion/runtime/legion/legion_ops.cc:636)
For more information see:
http://legion.stanford.edu/messages/warning_code.html#warning_code_1071

[6 - 7f916d468940]   27.026468 {4}{runtime}: [warning 1071] LEGION WARNING: Region requirement 0 of operation apps::hydro::init_soln_time (UID 5094) in parent task runtime_driver (UID 6) is using uninitialized data for field(s) 25 of logical region (510,5,20) (from file /home/jgraham/github/flecsi-third-party/legion/runtime/legion/legion_ops.cc:636)
For more information see:
http://legion.stanford.edu/messages/warning_code.html#warning_code_1071

[4 - 7ff708a43940]   27.048783 {4}{runtime}: [warning 1071] LEGION WARNING: Region requirement 0 of operation apps::hydro::init_soln_time (UID 4372) in parent task runtime_driver (UID 4) is using uninitialized data for field(s) 25 of logical region (520,5,20) (from file /home/jgraham/github/flecsi-third-party/legion/runtime/legion/legion_ops.cc:636)
For more information see:
http://legion.stanford.edu/messages/warning_code.html#warning_code_1071

[1 - 7f9bb6974940]   27.222560 {4}{runtime}: [warning 1071] LEGION WARNING: Region requirement 0 of operation apps::hydro::init_soln_time (UID 7417) in parent task runtime_driver (UID 1) is using uninitialized data for field(s) 25 of logical region (613,5,20) (from file /home/jgraham/github/flecsi-third-party/legion/runtime/legion/legion_ops.cc:636)
For more information see:
http://legion.stanford.edu/messages/warning_code.html#warning_code_1071

================================================================================
|  Step:         1  |  Time:     2.167062e-03  |  Step Size:     2.167062e-03  |
================================================================================
|  Step:         2  |  Time:     3.792410e-03  |  Step Size:     1.625348e-03  |
================================================================================
|  Step:         3  |  Time:     5.298021e-03  |  Step Size:     1.505610e-03  |
================================================================================
|  Step:         4  |  Time:     6.754735e-03  |  Step Size:     1.456714e-03  |
================================================================================
|  Step:         5  |  Time:     8.187569e-03  |  Step Size:     1.432834e-03  |
================================================================================
|  Step:         6  |  Time:     9.586832e-03  |  Step Size:     1.399263e-03  |
================================================================================
|  Step:         7  |  Time:     1.094007e-02  |  Step Size:     1.353239e-03  |
================================================================================
|  Step:         8  |  Time:     1.226661e-02  |  Step Size:     1.326541e-03  |
================================================================================
|  Step:         9  |  Time:     1.357774e-02  |  Step Size:     1.311132e-03  |
================================================================================
|  Step:        10  |  Time:     1.488030e-02  |  Step Size:     1.302558e-03  |
================================================================================
|  Step:        11  |  Time:     1.617855e-02  |  Step Size:     1.298252e-03  |
================================================================================
|  Step:        12  |  Time:     1.747392e-02  |  Step Size:     1.295365e-03  |
================================================================================
|  Step:        13  |  Time:     1.875655e-02  |  Step Size:     1.282631e-03  |
================================================================================
|  Step:        14  |  Time:     2.003143e-02  |  Step Size:     1.274886e-03  |
================================================================================
|  Step:        15  |  Time:     2.130200e-02  |  Step Size:     1.270565e-03  |
================================================================================
|  Step:        16  |  Time:     2.257060e-02  |  Step Size:     1.268598e-03  |
================================================================================
|  Step:        17  |  Time:     2.383804e-02  |  Step Size:     1.267444e-03  |
================================================================================
|  Step:        18  |  Time:     2.509853e-02  |  Step Size:     1.260485e-03  |
================================================================================
|  Step:        19  |  Time:     2.635501e-02  |  Step Size:     1.256485e-03  |
================================================================================
|  Step:        20  |  Time:     2.760963e-02  |  Step Size:     1.254617e-03  |
================================================================================
|  Step:        21  |  Time:     2.886391e-02  |  Step Size:     1.254276e-03  |
================================================================================
|  Step:        22  |  Time:     3.011331e-02  |  Step Size:     1.249401e-03  |
================================================================================
|  Step:        23  |  Time:     3.135890e-02  |  Step Size:     1.245597e-03  |
================================================================================
|  Step:        24  |  Time:     3.260264e-02  |  Step Size:     1.243740e-03  |
================================================================================
|  Step:        25  |  Time:     3.384598e-02  |  Step Size:     1.243340e-03  |
================================================================================
|  Step:        26  |  Time:     3.508590e-02  |  Step Size:     1.239919e-03  |
================================================================================
|  Step:        27  |  Time:     3.632216e-02  |  Step Size:     1.236261e-03  |
================================================================================
|  Step:        28  |  Time:     3.755657e-02  |  Step Size:     1.234411e-03  |
================================================================================
|  Step:        29  |  Time:     3.879044e-02  |  Step Size:     1.233870e-03  |
================================================================================
|  Step:        30  |  Time:     4.002211e-02  |  Step Size:     1.231664e-03  |
================================================================================
|  Step:        31  |  Time:     4.125030e-02  |  Step Size:     1.228194e-03  |
================================================================================
|  Step:        32  |  Time:     4.247654e-02  |  Step Size:     1.226239e-03  |
================================================================================
|  Step:        33  |  Time:     4.370210e-02  |  Step Size:     1.225563e-03  |
================================================================================
|  Step:        34  |  Time:     4.492664e-02  |  Step Size:     1.224536e-03  |
================================================================================
|  Step:        35  |  Time:     4.614764e-02  |  Step Size:     1.220995e-03  |
================================================================================
|  Step:        36  |  Time:     4.736665e-02  |  Step Size:     1.219015e-03  |
================================================================================
|  Step:        37  |  Time:     4.858495e-02  |  Step Size:     1.218303e-03  |
================================================================================
|  Step:        38  |  Time:     4.980285e-02  |  Step Size:     1.217896e-03  |
================================================================================
|  Step:        39  |  Time:     5.101741e-02  |  Step Size:     1.214562e-03  |
================================================================================
|  Step:        40  |  Time:     5.223016e-02  |  Step Size:     1.212747e-03  |
================================================================================
|  Step:        41  |  Time:     5.344198e-02  |  Step Size:     1.211818e-03  |
================================================================================
|  Step:        42  |  Time:     5.465375e-02  |  Step Size:     1.211774e-03  |
================================================================================
|  Step:        43  |  Time:     5.586274e-02  |  Step Size:     1.208987e-03  |
================================================================================
|  Step:        44  |  Time:     5.706960e-02  |  Step Size:     1.206866e-03  |
================================================================================
|  Step:        45  |  Time:     5.827550e-02  |  Step Size:     1.205899e-03  |
================================================================================
|  Step:        46  |  Time:     5.948141e-02  |  Step Size:     1.205907e-03  |
================================================================================
|  Step:        47  |  Time:     6.068485e-02  |  Step Size:     1.203442e-03  |
================================================================================
|  Step:        48  |  Time:     6.188645e-02  |  Step Size:     1.201601e-03  |
================================================================================
|  Step:        49  |  Time:     6.308732e-02  |  Step Size:     1.200870e-03  |
================================================================================
|  Step:        50  |  Time:     6.428779e-02  |  Step Size:     1.200473e-03  |
================================================================================
|  Step:        51  |  Time:     6.548682e-02  |  Step Size:     1.199024e-03  |
================================================================================
|  Step:        52  |  Time:     6.668364e-02  |  Step Size:     1.196820e-03  |
================================================================================
|  Step:        53  |  Time:     6.787932e-02  |  Step Size:     1.195677e-03  |
================================================================================
|  Step:        54  |  Time:     6.907477e-02  |  Step Size:     1.195451e-03  |
================================================================================
|  Step:        55  |  Time:     7.026872e-02  |  Step Size:     1.193957e-03  |
================================================================================
|  Step:        56  |  Time:     7.146090e-02  |  Step Size:     1.192180e-03  |
================================================================================
|  Step:        57  |  Time:     7.265237e-02  |  Step Size:     1.191468e-03  |
================================================================================
|  Step:        58  |  Time:     7.384342e-02  |  Step Size:     1.191048e-03  |
================================================================================
|  Step:        59  |  Time:     7.503371e-02  |  Step Size:     1.190289e-03  |
================================================================================
|  Step:        60  |  Time:     7.622181e-02  |  Step Size:     1.188098e-03  |
================================================================================
|  Step:        61  |  Time:     7.740870e-02  |  Step Size:     1.186895e-03  |
================================================================================
|  Step:        62  |  Time:     7.859525e-02  |  Step Size:     1.186553e-03  |
================================================================================
|  Step:        63  |  Time:     7.978083e-02  |  Step Size:     1.185578e-03  |
================================================================================
|  Step:        64  |  Time:     8.096480e-02  |  Step Size:     1.183969e-03  |
================================================================================
|  Step:        65  |  Time:     8.214814e-02  |  Step Size:     1.183336e-03  |
================================================================================
|  Step:        66  |  Time:     8.333096e-02  |  Step Size:     1.182822e-03  |
================================================================================
|  Step:        67  |  Time:     8.451326e-02  |  Step Size:     1.182298e-03  |
================================================================================
|  Step:        68  |  Time:     8.569350e-02  |  Step Size:     1.180238e-03  |
================================================================================
|  Step:        69  |  Time:     8.687260e-02  |  Step Size:     1.179099e-03  |
================================================================================
|  Step:        70  |  Time:     8.805136e-02  |  Step Size:     1.178767e-03  |
================================================================================
|  Step:        71  |  Time:     8.922937e-02  |  Step Size:     1.178004e-03  |
================================================================================
|  Step:        72  |  Time:     9.040603e-02  |  Step Size:     1.176659e-03  |
================================================================================
|  Step:        73  |  Time:     9.158223e-02  |  Step Size:     1.176201e-03  |
================================================================================
|  Step:        74  |  Time:     9.275763e-02  |  Step Size:     1.175401e-03  |
================================================================================
|  Step:        75  |  Time:     9.393245e-02  |  Step Size:     1.174826e-03  |
================================================================================
|  Step:        76  |  Time:     9.510547e-02  |  Step Size:     1.173012e-03  |
================================================================================
|  Step:        77  |  Time:     9.627752e-02  |  Step Size:     1.172058e-03  |
================================================================================
|  Step:        78  |  Time:     9.744938e-02  |  Step Size:     1.171854e-03  |
================================================================================
|  Step:        79  |  Time:     9.862048e-02  |  Step Size:     1.171101e-03  |
================================================================================
|  Step:        80  |  Time:     9.979058e-02  |  Step Size:     1.170098e-03  |
================================================================================
|  Step:        81  |  Time:     1.009599e-01  |  Step Size:     1.169312e-03  |
================================================================================
|  Step:        82  |  Time:     1.021285e-01  |  Step Size:     1.168643e-03  |
================================================================================
|  Step:        83  |  Time:     1.032964e-01  |  Step Size:     1.167869e-03  |
================================================================================
|  Step:        84  |  Time:     1.044628e-01  |  Step Size:     1.166408e-03  |
================================================================================
|  Step:        85  |  Time:     1.056286e-01  |  Step Size:     1.165743e-03  |
================================================================================
|  Step:        86  |  Time:     1.067943e-01  |  Step Size:     1.165770e-03  |
================================================================================
|  Step:        87  |  Time:     1.079592e-01  |  Step Size:     1.164917e-03  |
================================================================================
|  Step:        88  |  Time:     1.091234e-01  |  Step Size:     1.164160e-03  |
================================================================================
|  Step:        89  |  Time:     1.102865e-01  |  Step Size:     1.163063e-03  |
================================================================================
|  Step:        90  |  Time:     1.114491e-01  |  Step Size:     1.162618e-03  |
================================================================================
|  Step:        91  |  Time:     1.126107e-01  |  Step Size:     1.161638e-03  |
================================================================================
|  Step:        92  |  Time:     1.137713e-01  |  Step Size:     1.160617e-03  |
================================================================================
|  Step:        93  |  Time:     1.149315e-01  |  Step Size:     1.160202e-03  |
================================================================================
|  Step:        94  |  Time:     1.160918e-01  |  Step Size:     1.160307e-03  |
================================================================================
|  Step:        95  |  Time:     1.172515e-01  |  Step Size:     1.159664e-03  |
================================================================================
|  Step:        96  |  Time:     1.184095e-01  |  Step Size:     1.158021e-03  |
================================================================================
|  Step:        97  |  Time:     1.195666e-01  |  Step Size:     1.157026e-03  |
================================================================================
|  Step:        98  |  Time:     1.207232e-01  |  Step Size:     1.156662e-03  |
================================================================================
|  Step:        99  |  Time:     1.218789e-01  |  Step Size:     1.155719e-03  |
================================================================================
|  Step:       100  |  Time:     1.230338e-01  |  Step Size:     1.154874e-03  |
================================================================================
|  Step:       101  |  Time:     1.241885e-01  |  Step Size:     1.154689e-03  |
================================================================================
|  Step:       102  |  Time:     1.253428e-01  |  Step Size:     1.154289e-03  |
================================================================================
|  Step:       103  |  Time:     1.264959e-01  |  Step Size:     1.153161e-03  |
================================================================================
|  Step:       104  |  Time:     1.276478e-01  |  Step Size:     1.151864e-03  |
================================================================================
|  Step:       105  |  Time:     1.287991e-01  |  Step Size:     1.151238e-03  |
================================================================================
|  Step:       106  |  Time:     1.299501e-01  |  Step Size:     1.151067e-03  |
================================================================================
|  Step:       107  |  Time:     1.311001e-01  |  Step Size:     1.149963e-03  |
================================================================================
|  Step:       108  |  Time:     1.322496e-01  |  Step Size:     1.149555e-03  |
================================================================================
|  Step:       109  |  Time:     1.333988e-01  |  Step Size:     1.149126e-03  |
================================================================================
|  Step:       110  |  Time:     1.345474e-01  |  Step Size:     1.148658e-03  |
================================================================================
|  Step:       111  |  Time:     1.356946e-01  |  Step Size:     1.147170e-03  |
================================================================================
|  Step:       112  |  Time:     1.368409e-01  |  Step Size:     1.146350e-03  |
================================================================================
|  Step:       113  |  Time:     1.379871e-01  |  Step Size:     1.146146e-03  |
================================================================================
|  Step:       114  |  Time:     1.391327e-01  |  Step Size:     1.145575e-03  |
================================================================================
|  Step:       115  |  Time:     1.402777e-01  |  Step Size:     1.145000e-03  |
================================================================================
|  Step:       116  |  Time:     1.414222e-01  |  Step Size:     1.144581e-03  |
================================================================================
|  Step:       117  |  Time:     1.425662e-01  |  Step Size:     1.143974e-03  |
================================================================================
|  Step:       118  |  Time:     1.437093e-01  |  Step Size:     1.143128e-03  |
================================================================================
|  Step:       119  |  Time:     1.448515e-01  |  Step Size:     1.142168e-03  |
================================================================================
|  Step:       120  |  Time:     1.459934e-01  |  Step Size:     1.141854e-03  |
================================================================================
|  Step:       121  |  Time:     1.471352e-01  |  Step Size:     1.141807e-03  |
================================================================================
|  Step:       122  |  Time:     1.482764e-01  |  Step Size:     1.141209e-03  |
================================================================================
|  Step:       123  |  Time:     1.494167e-01  |  Step Size:     1.140316e-03  |
================================================================================
|  Step:       124  |  Time:     1.505559e-01  |  Step Size:     1.139210e-03  |
================================================================================
|  Step:       125  |  Time:     1.516946e-01  |  Step Size:     1.138690e-03  |
================================================================================
|  Step:       126  |  Time:     1.528323e-01  |  Step Size:     1.137712e-03  |
================================================================================
|  Step:       127  |  Time:     1.539692e-01  |  Step Size:     1.136903e-03  |
================================================================================
|  Step:       128  |  Time:     1.551059e-01  |  Step Size:     1.136689e-03  |
================================================================================
|  Step:       129  |  Time:     1.562425e-01  |  Step Size:     1.136567e-03  |
================================================================================
|  Step:       130  |  Time:     1.573781e-01  |  Step Size:     1.135584e-03  |
================================================================================
|  Step:       131  |  Time:     1.585124e-01  |  Step Size:     1.134344e-03  |
================================================================================
|  Step:       132  |  Time:     1.596461e-01  |  Step Size:     1.133724e-03  |
================================================================================
|  Step:       133  |  Time:     1.607793e-01  |  Step Size:     1.133229e-03  |
================================================================================
|  Step:       134  |  Time:     1.619117e-01  |  Step Size:     1.132302e-03  |
================================================================================
|  Step:       135  |  Time:     1.630437e-01  |  Step Size:     1.132001e-03  |
================================================================================
|  Step:       136  |  Time:     1.641758e-01  |  Step Size:     1.132123e-03  |
================================================================================
|  Step:       137  |  Time:     1.653071e-01  |  Step Size:     1.131357e-03  |
================================================================================
|  Step:       138  |  Time:     1.664371e-01  |  Step Size:     1.130017e-03  |
================================================================================
|  Step:       139  |  Time:     1.675665e-01  |  Step Size:     1.129331e-03  |
================================================================================
|  Step:       140  |  Time:     1.686957e-01  |  Step Size:     1.129209e-03  |
================================================================================
|  Step:       141  |  Time:     1.698240e-01  |  Step Size:     1.128351e-03  |
================================================================================
|  Step:       142  |  Time:     1.709520e-01  |  Step Size:     1.127986e-03  |
================================================================================
|  Step:       143  |  Time:     1.720801e-01  |  Step Size:     1.128122e-03  |
================================================================================
|  Step:       144  |  Time:     1.732078e-01  |  Step Size:     1.127608e-03  |
================================================================================
|  Step:       145  |  Time:     1.743343e-01  |  Step Size:     1.126502e-03  |
================================================================================
|  Step:       146  |  Time:     1.754599e-01  |  Step Size:     1.125632e-03  |
================================================================================
|  Step:       147  |  Time:     1.765849e-01  |  Step Size:     1.125046e-03  |
================================================================================
|  Step:       148  |  Time:     1.777098e-01  |  Step Size:     1.124908e-03  |
================================================================================
|  Step:       149  |  Time:     1.788339e-01  |  Step Size:     1.124016e-03  |
================================================================================
|  Step:       150  |  Time:     1.799575e-01  |  Step Size:     1.123614e-03  |
================================================================================
|  Step:       151  |  Time:     1.810801e-01  |  Step Size:     1.122591e-03  |
================================================================================
|  Step:       152  |  Time:     1.822022e-01  |  Step Size:     1.122112e-03  |
================================================================================
|  Step:       153  |  Time:     1.833230e-01  |  Step Size:     1.120808e-03  |
================================================================================
|  Step:       154  |  Time:     1.844431e-01  |  Step Size:     1.120151e-03  |
================================================================================
|  Step:       155  |  Time:     1.855632e-01  |  Step Size:     1.120047e-03  |
================================================================================
|  Step:       156  |  Time:     1.866827e-01  |  Step Size:     1.119486e-03  |
================================================================================
|  Step:       157  |  Time:     1.878017e-01  |  Step Size:     1.119000e-03  |
================================================================================
|  Step:       158  |  Time:     1.889196e-01  |  Step Size:     1.117920e-03  |
================================================================================
|  Step:       159  |  Time:     1.900370e-01  |  Step Size:     1.117428e-03  |
================================================================================
|  Step:       160  |  Time:     1.911536e-01  |  Step Size:     1.116555e-03  |
================================================================================
|  Step:       161  |  Time:     1.922694e-01  |  Step Size:     1.115838e-03  |
================================================================================
|  Step:       162  |  Time:     1.933851e-01  |  Step Size:     1.115702e-03  |
================================================================================
|  Step:       163  |  Time:     1.945008e-01  |  Step Size:     1.115637e-03  |
================================================================================
|  Step:       164  |  Time:     1.956159e-01  |  Step Size:     1.115109e-03  |
================================================================================
|  Step:       165  |  Time:     1.967298e-01  |  Step Size:     1.113977e-03  |
================================================================================
|  Step:       166  |  Time:     1.978433e-01  |  Step Size:     1.113460e-03  |
================================================================================
|  Step:       167  |  Time:     1.989564e-01  |  Step Size:     1.113134e-03  |
================================================================================
|  Step:       168  |  Time:     2.000686e-01  |  Step Size:     1.112200e-03  |
================================================================================
|  Step:       169  |  Time:     2.011801e-01  |  Step Size:     1.111511e-03  |
================================================================================
|  Step:       170  |  Time:     2.022915e-01  |  Step Size:     1.111366e-03  |
================================================================================
|  Step:       171  |  Time:     2.034021e-01  |  Step Size:     1.110626e-03  |
================================================================================
|  Step:       172  |  Time:     2.045114e-01  |  Step Size:     1.109262e-03  |
================================================================================
|  Step:       173  |  Time:     2.056195e-01  |  Step Size:     1.108146e-03  |
================================================================================
|  Step:       174  |  Time:     2.067270e-01  |  Step Size:     1.107415e-03  |
================================================================================
|  Step:       175  |  Time:     2.078338e-01  |  Step Size:     1.106842e-03  |
================================================================================
|  Step:       176  |  Time:     2.089393e-01  |  Step Size:     1.105536e-03  |
================================================================================
|  Step:       177  |  Time:     2.100442e-01  |  Step Size:     1.104826e-03  |
================================================================================
|  Step:       178  |  Time:     2.111478e-01  |  Step Size:     1.103683e-03  |
================================================================================
|  Step:       179  |  Time:     2.122505e-01  |  Step Size:     1.102695e-03  |
================================================================================
|  Step:       180  |  Time:     2.133514e-01  |  Step Size:     1.100901e-03  |
================================================================================
|  Step:       181  |  Time:     2.144512e-01  |  Step Size:     1.099755e-03  |
================================================================================
|  Step:       182  |  Time:     2.155504e-01  |  Step Size:     1.099158e-03  |
================================================================================
|  Step:       183  |  Time:     2.166483e-01  |  Step Size:     1.097982e-03  |
================================================================================
|  Step:       184  |  Time:     2.177455e-01  |  Step Size:     1.097117e-03  |
================================================================================
|  Step:       185  |  Time:     2.188412e-01  |  Step Size:     1.095754e-03  |
================================================================================
|  Step:       186  |  Time:     2.199359e-01  |  Step Size:     1.094713e-03  |
================================================================================
|  Step:       187  |  Time:     2.210290e-01  |  Step Size:     1.093126e-03  |
================================================================================
|  Step:       188  |  Time:     2.221209e-01  |  Step Size:     1.091851e-03  |
================================================================================
|  Step:       189  |  Time:     2.232121e-01  |  Step Size:     1.091162e-03  |
================================================================================
|  Step:       190  |  Time:     2.243023e-01  |  Step Size:     1.090290e-03  |
================================================================================
|  Step:       191  |  Time:     2.253916e-01  |  Step Size:     1.089290e-03  |
================================================================================
|  Step:       192  |  Time:     2.264794e-01  |  Step Size:     1.087738e-03  |
================================================================================
|  Step:       193  |  Time:     2.275660e-01  |  Step Size:     1.086627e-03  |
================================================================================
|  Step:       194  |  Time:     2.286514e-01  |  Step Size:     1.085387e-03  |
================================================================================
|  Step:       195  |  Time:     2.297354e-01  |  Step Size:     1.083996e-03  |
================================================================================
|  Step:       196  |  Time:     2.308186e-01  |  Step Size:     1.083230e-03  |
================================================================================
|  Step:       197  |  Time:     2.319014e-01  |  Step Size:     1.082772e-03  |
================================================================================
|  Step:       198  |  Time:     2.329830e-01  |  Step Size:     1.081643e-03  |
================================================================================
|  Step:       199  |  Time:     2.340630e-01  |  Step Size:     1.079943e-03  |
================================================================================
|  Step:       200  |  Time:     2.351417e-01  |  Step Size:     1.078770e-03  |
Final solution time is 2.35e-01 after 200 steps.
Elapsed wall time is 107.0843s.
done legion init
done legion init
done legion init
done legion init
done legion init
done legion init
done legion init
done legion init
done legion init
done legion init
done legion init
done legion init
